The system is: Linux - 3.4.4-3-ARCH - i686
Compiling the C compiler identification source file "CMakeCCompilerId.c" succeeded.
Compiler: /usr/bin/gcc 
Build flags: 
Id flags: 

The output was:
0


Compilation of the C compiler identification source "CMakeCCompilerId.c" produced "a.out"

The C compiler identification is GNU, found in "/home/vidar/programming/cpp/ogre3d/ogre_projects/clean_ogre_cmake_project/CMakeFiles/CompilerIdC/a.out"

Compiling the CXX compiler identification source file "CMakeCXXCompilerId.cpp" succeeded.
Compiler: /usr/bin/c++ 
Build flags: 
Id flags: 

The output was:
0


Compilation of the CXX compiler identification source "CMakeCXXCompilerId.cpp" produced "a.out"

The CXX compiler identification is GNU, found in "/home/vidar/programming/cpp/ogre3d/ogre_projects/clean_ogre_cmake_project/CMakeFiles/CompilerIdCXX/a.out"

Determining if the C compiler works passed with the following output:
Change Dir: /home/vidar/programming/cpp/ogre3d/ogre_projects/clean_ogre_cmake_project/CMakeFiles/CMakeTmp

Run Build Command:/usr/bin/make "cmTryCompileExec1964498244/fast"
/usr/bin/make -f CMakeFiles/cmTryCompileExec1964498244.dir/build.make CMakeFiles/cmTryCompileExec1964498244.dir/build
make[1]: Entering directory `/home/vidar/programming/cpp/ogre3d/ogre_projects/clean_ogre_cmake_project/CMakeFiles/CMakeTmp'
/usr/bin/cmake -E cmake_progress_report /home/vidar/programming/cpp/ogre3d/ogre_projects/clean_ogre_cmake_project/CMakeFiles/CMakeTmp/CMakeFiles 1
Building C object CMakeFiles/cmTryCompileExec1964498244.dir/testCCompiler.c.o
/usr/bin/gcc    -o CMakeFiles/cmTryCompileExec1964498244.dir/testCCompiler.c.o   -c /home/vidar/programming/cpp/ogre3d/ogre_projects/clean_ogre_cmake_project/CMakeFiles/CMakeTmp/testCCompiler.c
Linking C executable cmTryCompileExec1964498244
/usr/bin/cmake -E cmake_link_script CMakeFiles/cmTryCompileExec1964498244.dir/link.txt --verbose=1
/usr/bin/gcc         CMakeFiles/cmTryCompileExec1964498244.dir/testCCompiler.c.o  -o cmTryCompileExec1964498244 -rdynamic 
make[1]: Leaving directory `/home/vidar/programming/cpp/ogre3d/ogre_projects/clean_ogre_cmake_project/CMakeFiles/CMakeTmp'


Detecting C compiler ABI info compiled with the following output:
Change Dir: /home/vidar/programming/cpp/ogre3d/ogre_projects/clean_ogre_cmake_project/CMakeFiles/CMakeTmp

Run Build Command:/usr/bin/make "cmTryCompileExec3725366653/fast"
/usr/bin/make -f CMakeFiles/cmTryCompileExec3725366653.dir/build.make CMakeFiles/cmTryCompileExec3725366653.dir/build
make[1]: Entering directory `/home/vidar/programming/cpp/ogre3d/ogre_projects/clean_ogre_cmake_project/CMakeFiles/CMakeTmp'
/usr/bin/cmake -E cmake_progress_report /home/vidar/programming/cpp/ogre3d/ogre_projects/clean_ogre_cmake_project/CMakeFiles/CMakeTmp/CMakeFiles 1
Building C object CMakeFiles/cmTryCompileExec3725366653.dir/CMakeCCompilerABI.c.o
/usr/bin/gcc    -o CMakeFiles/cmTryCompileExec3725366653.dir/CMakeCCompilerABI.c.o   -c /usr/share/cmake-2.8/Modules/CMakeCCompilerABI.c
Linking C executable cmTryCompileExec3725366653
/usr/bin/cmake -E cmake_link_script CMakeFiles/cmTryCompileExec3725366653.dir/link.txt --verbose=1
/usr/bin/gcc       -v CMakeFiles/cmTryCompileExec3725366653.dir/CMakeCCompilerABI.c.o  -o cmTryCompileExec3725366653 -rdynamic  
Es werden eingebaute Spezifikationen verwendet.
COLLECT_GCC=/usr/bin/gcc
COLLECT_LTO_WRAPPER=/usr/lib/gcc/i686-pc-linux-gnu/4.7.1/lto-wrapper
Ziel: i686-pc-linux-gnu
Konfiguriert mit: /build/src/gcc-4.7.1/configure --prefix=/usr --libdir=/usr/lib --libexecdir=/usr/lib --mandir=/usr/share/man --infodir=/usr/share/info --with-bugurl=https://bugs.archlinux.org/ --enable-languages=c,c++,ada,fortran,go,lto,objc,obj-c++ --enable-shared --enable-threads=posix --with-system-zlib --enable-__cxa_atexit --disable-libunwind-exceptions --enable-clocale=gnu --disable-libstdcxx-pch --enable-libstdcxx-time --enable-gnu-unique-object --enable-linker-build-id --with-ppl --enable-cloog-backend=isl --disable-ppl-version-check --disable-cloog-version-check --enable-lto --enable-gold --enable-ld=default --enable-plugin --with-plugin-ld=ld.gold --with-linker-hash-style=gnu --disable-multilib --disable-libssp --disable-build-with-cxx --disable-build-poststage1-with-cxx --enable-checking=release
Thread-Modell: posix
gcc-Version 4.7.1 (GCC) 
COMPILER_PATH=/usr/lib/gcc/i686-pc-linux-gnu/4.7.1/:/usr/lib/gcc/i686-pc-linux-gnu/4.7.1/:/usr/lib/gcc/i686-pc-linux-gnu/:/usr/lib/gcc/i686-pc-linux-gnu/4.7.1/:/usr/lib/gcc/i686-pc-linux-gnu/
LIBRARY_PATH=/usr/lib/gcc/i686-pc-linux-gnu/4.7.1/:/usr/lib/gcc/i686-pc-linux-gnu/4.7.1/../../../:/lib/:/usr/lib/
COLLECT_GCC_OPTIONS='-v' '-o' 'cmTryCompileExec3725366653' '-rdynamic' '-mtune=generic' '-march=pentiumpro'
 /usr/lib/gcc/i686-pc-linux-gnu/4.7.1/collect2 --build-id --eh-frame-hdr --hash-style=gnu -m elf_i386 -export-dynamic -dynamic-linker /lib/ld-linux.so.2 -o cmTryCompileExec3725366653 /usr/lib/gcc/i686-pc-linux-gnu/4.7.1/../../../crt1.o /usr/lib/gcc/i686-pc-linux-gnu/4.7.1/../../../crti.o /usr/lib/gcc/i686-pc-linux-gnu/4.7.1/crtbegin.o -L/usr/lib/gcc/i686-pc-linux-gnu/4.7.1 -L/usr/lib/gcc/i686-pc-linux-gnu/4.7.1/../../.. CMakeFiles/cmTryCompileExec3725366653.dir/CMakeCCompilerABI.c.o -lgcc --as-needed -lgcc_s --no-as-needed -lc -lgcc --as-needed -lgcc_s --no-as-needed /usr/lib/gcc/i686-pc-linux-gnu/4.7.1/crtend.o /usr/lib/gcc/i686-pc-linux-gnu/4.7.1/../../../crtn.o
make[1]: Leaving directory `/home/vidar/programming/cpp/ogre3d/ogre_projects/clean_ogre_cmake_project/CMakeFiles/CMakeTmp'


Parsed C implicit link information from above output:
  link line regex: [^( *|.*[/\])(ld|ld|collect2)[^/\]*( |$)]
  ignore line: [Change Dir: /home/vidar/programming/cpp/ogre3d/ogre_projects/clean_ogre_cmake_project/CMakeFiles/CMakeTmp]
  ignore line: []
  ignore line: [Run Build Command:/usr/bin/make "cmTryCompileExec3725366653/fast"]
  ignore line: [/usr/bin/make -f CMakeFiles/cmTryCompileExec3725366653.dir/build.make CMakeFiles/cmTryCompileExec3725366653.dir/build]
  ignore line: [make[1]: Entering directory `/home/vidar/programming/cpp/ogre3d/ogre_projects/clean_ogre_cmake_project/CMakeFiles/CMakeTmp']
  ignore line: [/usr/bin/cmake -E cmake_progress_report /home/vidar/programming/cpp/ogre3d/ogre_projects/clean_ogre_cmake_project/CMakeFiles/CMakeTmp/CMakeFiles 1]
  ignore line: [Building C object CMakeFiles/cmTryCompileExec3725366653.dir/CMakeCCompilerABI.c.o]
  ignore line: [/usr/bin/gcc    -o CMakeFiles/cmTryCompileExec3725366653.dir/CMakeCCompilerABI.c.o   -c /usr/share/cmake-2.8/Modules/CMakeCCompilerABI.c]
  ignore line: [Linking C executable cmTryCompileExec3725366653]
  ignore line: [/usr/bin/cmake -E cmake_link_script CMakeFiles/cmTryCompileExec3725366653.dir/link.txt --verbose=1]
  ignore line: [/usr/bin/gcc       -v CMakeFiles/cmTryCompileExec3725366653.dir/CMakeCCompilerABI.c.o  -o cmTryCompileExec3725366653 -rdynamic  ]
  ignore line: [Es werden eingebaute Spezifikationen verwendet.]
  ignore line: [COLLECT_GCC=/usr/bin/gcc]
  ignore line: [COLLECT_LTO_WRAPPER=/usr/lib/gcc/i686-pc-linux-gnu/4.7.1/lto-wrapper]
  ignore line: [Ziel: i686-pc-linux-gnu]
  ignore line: [Konfiguriert mit: /build/src/gcc-4.7.1/configure --prefix=/usr --libdir=/usr/lib --libexecdir=/usr/lib --mandir=/usr/share/man --infodir=/usr/share/info --with-bugurl=https://bugs.archlinux.org/ --enable-languages=c,c++,ada,fortran,go,lto,objc,obj-c++ --enable-shared --enable-threads=posix --with-system-zlib --enable-__cxa_atexit --disable-libunwind-exceptions --enable-clocale=gnu --disable-libstdcxx-pch --enable-libstdcxx-time --enable-gnu-unique-object --enable-linker-build-id --with-ppl --enable-cloog-backend=isl --disable-ppl-version-check --disable-cloog-version-check --enable-lto --enable-gold --enable-ld=default --enable-plugin --with-plugin-ld=ld.gold --with-linker-hash-style=gnu --disable-multilib --disable-libssp --disable-build-with-cxx --disable-build-poststage1-with-cxx --enable-checking=release]
  ignore line: [Thread-Modell: posix]
  ignore line: [gcc-Version 4.7.1 (GCC) ]
  ignore line: [COMPILER_PATH=/usr/lib/gcc/i686-pc-linux-gnu/4.7.1/:/usr/lib/gcc/i686-pc-linux-gnu/4.7.1/:/usr/lib/gcc/i686-pc-linux-gnu/:/usr/lib/gcc/i686-pc-linux-gnu/4.7.1/:/usr/lib/gcc/i686-pc-linux-gnu/]
  ignore line: [LIBRARY_PATH=/usr/lib/gcc/i686-pc-linux-gnu/4.7.1/:/usr/lib/gcc/i686-pc-linux-gnu/4.7.1/../../../:/lib/:/usr/lib/]
  ignore line: [COLLECT_GCC_OPTIONS='-v' '-o' 'cmTryCompileExec3725366653' '-rdynamic' '-mtune=generic' '-march=pentiumpro']
  link line: [ /usr/lib/gcc/i686-pc-linux-gnu/4.7.1/collect2 --build-id --eh-frame-hdr --hash-style=gnu -m elf_i386 -export-dynamic -dynamic-linker /lib/ld-linux.so.2 -o cmTryCompileExec3725366653 /usr/lib/gcc/i686-pc-linux-gnu/4.7.1/../../../crt1.o /usr/lib/gcc/i686-pc-linux-gnu/4.7.1/../../../crti.o /usr/lib/gcc/i686-pc-linux-gnu/4.7.1/crtbegin.o -L/usr/lib/gcc/i686-pc-linux-gnu/4.7.1 -L/usr/lib/gcc/i686-pc-linux-gnu/4.7.1/../../.. CMakeFiles/cmTryCompileExec3725366653.dir/CMakeCCompilerABI.c.o -lgcc --as-needed -lgcc_s --no-as-needed -lc -lgcc --as-needed -lgcc_s --no-as-needed /usr/lib/gcc/i686-pc-linux-gnu/4.7.1/crtend.o /usr/lib/gcc/i686-pc-linux-gnu/4.7.1/../../../crtn.o]
    arg [/usr/lib/gcc/i686-pc-linux-gnu/4.7.1/collect2] ==> ignore
    arg [--build-id] ==> ignore
    arg [--eh-frame-hdr] ==> ignore
    arg [--hash-style=gnu] ==> ignore
    arg [-m] ==> ignore
    arg [elf_i386] ==> ignore
    arg [-export-dynamic] ==> ignore
    arg [-dynamic-linker] ==> ignore
    arg [/lib/ld-linux.so.2] ==> ignore
    arg [-o] ==> ignore
    arg [cmTryCompileExec3725366653] ==> ignore
    arg [/usr/lib/gcc/i686-pc-linux-gnu/4.7.1/../../../crt1.o] ==> ignore
    arg [/usr/lib/gcc/i686-pc-linux-gnu/4.7.1/../../../crti.o] ==> ignore
    arg [/usr/lib/gcc/i686-pc-linux-gnu/4.7.1/crtbegin.o] ==> ignore
    arg [-L/usr/lib/gcc/i686-pc-linux-gnu/4.7.1] ==> dir [/usr/lib/gcc/i686-pc-linux-gnu/4.7.1]
    arg [-L/usr/lib/gcc/i686-pc-linux-gnu/4.7.1/../../..] ==> dir [/usr/lib/gcc/i686-pc-linux-gnu/4.7.1/../../..]
    arg [CMakeFiles/cmTryCompileExec3725366653.dir/CMakeCCompilerABI.c.o] ==> ignore
    arg [-lgcc] ==> lib [gcc]
    arg [--as-needed] ==> ignore
    arg [-lgcc_s] ==> lib [gcc_s]
    arg [--no-as-needed] ==> ignore
    arg [-lc] ==> lib [c]
    arg [-lgcc] ==> lib [gcc]
    arg [--as-needed] ==> ignore
    arg [-lgcc_s] ==> lib [gcc_s]
    arg [--no-as-needed] ==> ignore
    arg [/usr/lib/gcc/i686-pc-linux-gnu/4.7.1/crtend.o] ==> ignore
    arg [/usr/lib/gcc/i686-pc-linux-gnu/4.7.1/../../../crtn.o] ==> ignore
  remove lib [gcc]
  remove lib [gcc_s]
  remove lib [gcc]
  remove lib [gcc_s]
  collapse dir [/usr/lib/gcc/i686-pc-linux-gnu/4.7.1] ==> [/usr/lib/gcc/i686-pc-linux-gnu/4.7.1]
  collapse dir [/usr/lib/gcc/i686-pc-linux-gnu/4.7.1/../../..] ==> [/usr/lib]
  implicit libs: [c]
  implicit dirs: [/usr/lib/gcc/i686-pc-linux-gnu/4.7.1;/usr/lib]


Determining if the CXX compiler works passed with the following output:
Change Dir: /home/vidar/programming/cpp/ogre3d/ogre_projects/clean_ogre_cmake_project/CMakeFiles/CMakeTmp

Run Build Command:/usr/bin/make "cmTryCompileExec724453213/fast"
/usr/bin/make -f CMakeFiles/cmTryCompileExec724453213.dir/build.make CMakeFiles/cmTryCompileExec724453213.dir/build
make[1]: Entering directory `/home/vidar/programming/cpp/ogre3d/ogre_projects/clean_ogre_cmake_project/CMakeFiles/CMakeTmp'
/usr/bin/cmake -E cmake_progress_report /home/vidar/programming/cpp/ogre3d/ogre_projects/clean_ogre_cmake_project/CMakeFiles/CMakeTmp/CMakeFiles 1
Building CXX object CMakeFiles/cmTryCompileExec724453213.dir/testCXXCompiler.cxx.o
/usr/bin/c++     -o CMakeFiles/cmTryCompileExec724453213.dir/testCXXCompiler.cxx.o -c /home/vidar/programming/cpp/ogre3d/ogre_projects/clean_ogre_cmake_project/CMakeFiles/CMakeTmp/testCXXCompiler.cxx
Linking CXX executable cmTryCompileExec724453213
/usr/bin/cmake -E cmake_link_script CMakeFiles/cmTryCompileExec724453213.dir/link.txt --verbose=1
/usr/bin/c++          CMakeFiles/cmTryCompileExec724453213.dir/testCXXCompiler.cxx.o  -o cmTryCompileExec724453213 -rdynamic 
make[1]: Leaving directory `/home/vidar/programming/cpp/ogre3d/ogre_projects/clean_ogre_cmake_project/CMakeFiles/CMakeTmp'


Detecting CXX compiler ABI info compiled with the following output:
Change Dir: /home/vidar/programming/cpp/ogre3d/ogre_projects/clean_ogre_cmake_project/CMakeFiles/CMakeTmp

Run Build Command:/usr/bin/make "cmTryCompileExec3034574122/fast"
/usr/bin/make -f CMakeFiles/cmTryCompileExec3034574122.dir/build.make CMakeFiles/cmTryCompileExec3034574122.dir/build
make[1]: Entering directory `/home/vidar/programming/cpp/ogre3d/ogre_projects/clean_ogre_cmake_project/CMakeFiles/CMakeTmp'
/usr/bin/cmake -E cmake_progress_report /home/vidar/programming/cpp/ogre3d/ogre_projects/clean_ogre_cmake_project/CMakeFiles/CMakeTmp/CMakeFiles 1
Building CXX object CMakeFiles/cmTryCompileExec3034574122.dir/CMakeCXXCompilerABI.cpp.o
/usr/bin/c++     -o CMakeFiles/cmTryCompileExec3034574122.dir/CMakeCXXCompilerABI.cpp.o -c /usr/share/cmake-2.8/Modules/CMakeCXXCompilerABI.cpp
Linking CXX executable cmTryCompileExec3034574122
/usr/bin/cmake -E cmake_link_script CMakeFiles/cmTryCompileExec3034574122.dir/link.txt --verbose=1
/usr/bin/c++        -v CMakeFiles/cmTryCompileExec3034574122.dir/CMakeCXXCompilerABI.cpp.o  -o cmTryCompileExec3034574122 -rdynamic  
Es werden eingebaute Spezifikationen verwendet.
COLLECT_GCC=/usr/bin/c++
COLLECT_LTO_WRAPPER=/usr/lib/gcc/i686-pc-linux-gnu/4.7.1/lto-wrapper
Ziel: i686-pc-linux-gnu
Konfiguriert mit: /build/src/gcc-4.7.1/configure --prefix=/usr --libdir=/usr/lib --libexecdir=/usr/lib --mandir=/usr/share/man --infodir=/usr/share/info --with-bugurl=https://bugs.archlinux.org/ --enable-languages=c,c++,ada,fortran,go,lto,objc,obj-c++ --enable-shared --enable-threads=posix --with-system-zlib --enable-__cxa_atexit --disable-libunwind-exceptions --enable-clocale=gnu --disable-libstdcxx-pch --enable-libstdcxx-time --enable-gnu-unique-object --enable-linker-build-id --with-ppl --enable-cloog-backend=isl --disable-ppl-version-check --disable-cloog-version-check --enable-lto --enable-gold --enable-ld=default --enable-plugin --with-plugin-ld=ld.gold --with-linker-hash-style=gnu --disable-multilib --disable-libssp --disable-build-with-cxx --disable-build-poststage1-with-cxx --enable-checking=release
Thread-Modell: posix
gcc-Version 4.7.1 (GCC) 
COMPILER_PATH=/usr/lib/gcc/i686-pc-linux-gnu/4.7.1/:/usr/lib/gcc/i686-pc-linux-gnu/4.7.1/:/usr/lib/gcc/i686-pc-linux-gnu/:/usr/lib/gcc/i686-pc-linux-gnu/4.7.1/:/usr/lib/gcc/i686-pc-linux-gnu/
LIBRARY_PATH=/usr/lib/gcc/i686-pc-linux-gnu/4.7.1/:/usr/lib/gcc/i686-pc-linux-gnu/4.7.1/../../../:/lib/:/usr/lib/
COLLECT_GCC_OPTIONS='-v' '-o' 'cmTryCompileExec3034574122' '-rdynamic' '-shared-libgcc' '-mtune=generic' '-march=pentiumpro'
 /usr/lib/gcc/i686-pc-linux-gnu/4.7.1/collect2 --build-id --eh-frame-hdr --hash-style=gnu -m elf_i386 -export-dynamic -dynamic-linker /lib/ld-linux.so.2 -o cmTryCompileExec3034574122 /usr/lib/gcc/i686-pc-linux-gnu/4.7.1/../../../crt1.o /usr/lib/gcc/i686-pc-linux-gnu/4.7.1/../../../crti.o /usr/lib/gcc/i686-pc-linux-gnu/4.7.1/crtbegin.o -L/usr/lib/gcc/i686-pc-linux-gnu/4.7.1 -L/usr/lib/gcc/i686-pc-linux-gnu/4.7.1/../../.. CMakeFiles/cmTryCompileExec3034574122.dir/CMakeCXXCompilerABI.cpp.o -lstdc++ -lm -lgcc_s -lgcc -lc -lgcc_s -lgcc /usr/lib/gcc/i686-pc-linux-gnu/4.7.1/crtend.o /usr/lib/gcc/i686-pc-linux-gnu/4.7.1/../../../crtn.o
make[1]: Leaving directory `/home/vidar/programming/cpp/ogre3d/ogre_projects/clean_ogre_cmake_project/CMakeFiles/CMakeTmp'


Parsed CXX implicit link information from above output:
  link line regex: [^( *|.*[/\])(ld|ld|collect2)[^/\]*( |$)]
  ignore line: [Change Dir: /home/vidar/programming/cpp/ogre3d/ogre_projects/clean_ogre_cmake_project/CMakeFiles/CMakeTmp]
  ignore line: []
  ignore line: [Run Build Command:/usr/bin/make "cmTryCompileExec3034574122/fast"]
  ignore line: [/usr/bin/make -f CMakeFiles/cmTryCompileExec3034574122.dir/build.make CMakeFiles/cmTryCompileExec3034574122.dir/build]
  ignore line: [make[1]: Entering directory `/home/vidar/programming/cpp/ogre3d/ogre_projects/clean_ogre_cmake_project/CMakeFiles/CMakeTmp']
  ignore line: [/usr/bin/cmake -E cmake_progress_report /home/vidar/programming/cpp/ogre3d/ogre_projects/clean_ogre_cmake_project/CMakeFiles/CMakeTmp/CMakeFiles 1]
  ignore line: [Building CXX object CMakeFiles/cmTryCompileExec3034574122.dir/CMakeCXXCompilerABI.cpp.o]
  ignore line: [/usr/bin/c++     -o CMakeFiles/cmTryCompileExec3034574122.dir/CMakeCXXCompilerABI.cpp.o -c /usr/share/cmake-2.8/Modules/CMakeCXXCompilerABI.cpp]
  ignore line: [Linking CXX executable cmTryCompileExec3034574122]
  ignore line: [/usr/bin/cmake -E cmake_link_script CMakeFiles/cmTryCompileExec3034574122.dir/link.txt --verbose=1]
  ignore line: [/usr/bin/c++        -v CMakeFiles/cmTryCompileExec3034574122.dir/CMakeCXXCompilerABI.cpp.o  -o cmTryCompileExec3034574122 -rdynamic  ]
  ignore line: [Es werden eingebaute Spezifikationen verwendet.]
  ignore line: [COLLECT_GCC=/usr/bin/c++]
  ignore line: [COLLECT_LTO_WRAPPER=/usr/lib/gcc/i686-pc-linux-gnu/4.7.1/lto-wrapper]
  ignore line: [Ziel: i686-pc-linux-gnu]
  ignore line: [Konfiguriert mit: /build/src/gcc-4.7.1/configure --prefix=/usr --libdir=/usr/lib --libexecdir=/usr/lib --mandir=/usr/share/man --infodir=/usr/share/info --with-bugurl=https://bugs.archlinux.org/ --enable-languages=c,c++,ada,fortran,go,lto,objc,obj-c++ --enable-shared --enable-threads=posix --with-system-zlib --enable-__cxa_atexit --disable-libunwind-exceptions --enable-clocale=gnu --disable-libstdcxx-pch --enable-libstdcxx-time --enable-gnu-unique-object --enable-linker-build-id --with-ppl --enable-cloog-backend=isl --disable-ppl-version-check --disable-cloog-version-check --enable-lto --enable-gold --enable-ld=default --enable-plugin --with-plugin-ld=ld.gold --with-linker-hash-style=gnu --disable-multilib --disable-libssp --disable-build-with-cxx --disable-build-poststage1-with-cxx --enable-checking=release]
  ignore line: [Thread-Modell: posix]
  ignore line: [gcc-Version 4.7.1 (GCC) ]
  ignore line: [COMPILER_PATH=/usr/lib/gcc/i686-pc-linux-gnu/4.7.1/:/usr/lib/gcc/i686-pc-linux-gnu/4.7.1/:/usr/lib/gcc/i686-pc-linux-gnu/:/usr/lib/gcc/i686-pc-linux-gnu/4.7.1/:/usr/lib/gcc/i686-pc-linux-gnu/]
  ignore line: [LIBRARY_PATH=/usr/lib/gcc/i686-pc-linux-gnu/4.7.1/:/usr/lib/gcc/i686-pc-linux-gnu/4.7.1/../../../:/lib/:/usr/lib/]
  ignore line: [COLLECT_GCC_OPTIONS='-v' '-o' 'cmTryCompileExec3034574122' '-rdynamic' '-shared-libgcc' '-mtune=generic' '-march=pentiumpro']
  link line: [ /usr/lib/gcc/i686-pc-linux-gnu/4.7.1/collect2 --build-id --eh-frame-hdr --hash-style=gnu -m elf_i386 -export-dynamic -dynamic-linker /lib/ld-linux.so.2 -o cmTryCompileExec3034574122 /usr/lib/gcc/i686-pc-linux-gnu/4.7.1/../../../crt1.o /usr/lib/gcc/i686-pc-linux-gnu/4.7.1/../../../crti.o /usr/lib/gcc/i686-pc-linux-gnu/4.7.1/crtbegin.o -L/usr/lib/gcc/i686-pc-linux-gnu/4.7.1 -L/usr/lib/gcc/i686-pc-linux-gnu/4.7.1/../../.. CMakeFiles/cmTryCompileExec3034574122.dir/CMakeCXXCompilerABI.cpp.o -lstdc++ -lm -lgcc_s -lgcc -lc -lgcc_s -lgcc /usr/lib/gcc/i686-pc-linux-gnu/4.7.1/crtend.o /usr/lib/gcc/i686-pc-linux-gnu/4.7.1/../../../crtn.o]
    arg [/usr/lib/gcc/i686-pc-linux-gnu/4.7.1/collect2] ==> ignore
    arg [--build-id] ==> ignore
    arg [--eh-frame-hdr] ==> ignore
    arg [--hash-style=gnu] ==> ignore
    arg [-m] ==> ignore
    arg [elf_i386] ==> ignore
    arg [-export-dynamic] ==> ignore
    arg [-dynamic-linker] ==> ignore
    arg [/lib/ld-linux.so.2] ==> ignore
    arg [-o] ==> ignore
    arg [cmTryCompileExec3034574122] ==> ignore
    arg [/usr/lib/gcc/i686-pc-linux-gnu/4.7.1/../../../crt1.o] ==> ignore
    arg [/usr/lib/gcc/i686-pc-linux-gnu/4.7.1/../../../crti.o] ==> ignore
    arg [/usr/lib/gcc/i686-pc-linux-gnu/4.7.1/crtbegin.o] ==> ignore
    arg [-L/usr/lib/gcc/i686-pc-linux-gnu/4.7.1] ==> dir [/usr/lib/gcc/i686-pc-linux-gnu/4.7.1]
    arg [-L/usr/lib/gcc/i686-pc-linux-gnu/4.7.1/../../..] ==> dir [/usr/lib/gcc/i686-pc-linux-gnu/4.7.1/../../..]
    arg [CMakeFiles/cmTryCompileExec3034574122.dir/CMakeCXXCompilerABI.cpp.o] ==> ignore
    arg [-lstdc++] ==> lib [stdc++]
    arg [-lm] ==> lib [m]
    arg [-lgcc_s] ==> lib [gcc_s]
    arg [-lgcc] ==> lib [gcc]
    arg [-lc] ==> lib [c]
    arg [-lgcc_s] ==> lib [gcc_s]
    arg [-lgcc] ==> lib [gcc]
    arg [/usr/lib/gcc/i686-pc-linux-gnu/4.7.1/crtend.o] ==> ignore
    arg [/usr/lib/gcc/i686-pc-linux-gnu/4.7.1/../../../crtn.o] ==> ignore
  remove lib [gcc_s]
  remove lib [gcc]
  remove lib [gcc_s]
  remove lib [gcc]
  collapse dir [/usr/lib/gcc/i686-pc-linux-gnu/4.7.1] ==> [/usr/lib/gcc/i686-pc-linux-gnu/4.7.1]
  collapse dir [/usr/lib/gcc/i686-pc-linux-gnu/4.7.1/../../..] ==> [/usr/lib]
  implicit libs: [stdc++;m;c]
  implicit dirs: [/usr/lib/gcc/i686-pc-linux-gnu/4.7.1;/usr/lib]


