17:11:40: Creating resource group General
17:11:40: Creating resource group Internal
17:11:40: Creating resource group Autodetect
17:11:40: SceneManagerFactory for type 'DefaultSceneManager' registered.
17:11:40: Registering ResourceManager for type Material
17:11:40: Registering ResourceManager for type Mesh
17:11:40: Registering ResourceManager for type Skeleton
17:11:40: MovableObjectFactory for type 'ParticleSystem' registered.
17:11:40: OverlayElementFactory for type Panel registered.
17:11:40: OverlayElementFactory for type BorderPanel registered.
17:11:40: OverlayElementFactory for type TextArea registered.
17:11:40: Registering ResourceManager for type Font
17:11:40: ArchiveFactory for archive type FileSystem registered.
17:11:40: ArchiveFactory for archive type Zip registered.
17:11:40: ArchiveFactory for archive type EmbeddedZip registered.
17:11:40: DDS codec registering
17:11:40: FreeImage version: 3.15.3
17:11:40: This program uses FreeImage, a free, open source image library supporting all common bitmap formats. See http://freeimage.sourceforge.net for details
17:11:40: Supported formats: bmp,ico,jpg,jif,jpeg,jpe,jng,koa,iff,lbm,mng,pbm,pbm,pcd,pcx,pgm,pgm,png,ppm,ppm,ras,tga,targa,tif,tiff,wap,wbmp,wbm,psd,cut,xbm,xpm,gif,hdr,g3,sgi,exr,j2k,j2c,jp2,pfm,pct,pict,pic,3fr,arw,bay,bmq,cap,cine,cr2,crw,cs1,dc2,dcr,drf,dsc,dng,erf,fff,ia,iiq,k25,kc2,kdc,mdc,mef,mos,mrw,nef,nrw,orf,pef,ptx,pxn,qtk,raf,raw,rdc,rw2,rwl,rwz,sr2,srf,srw,sti
17:11:40: Registering ResourceManager for type HighLevelGpuProgram
17:11:40: Registering ResourceManager for type Compositor
17:11:40: MovableObjectFactory for type 'Entity' registered.
17:11:40: MovableObjectFactory for type 'Light' registered.
17:11:40: MovableObjectFactory for type 'BillboardSet' registered.
17:11:40: MovableObjectFactory for type 'ManualObject' registered.
17:11:40: MovableObjectFactory for type 'BillboardChain' registered.
17:11:40: MovableObjectFactory for type 'RibbonTrail' registered.
17:11:40: OGRE EXCEPTION(6:FileNotFoundException): 'plugins.cfg' file not found! in ConfigFile::load at /build/src/ogre_src_v1-8-0/OgreMain/src/OgreConfigFile.cpp (line 88)
17:11:40: plugins.cfg not found, automatic plugin loading disabled.
17:11:40: *-*-* OGRE Initialising
17:11:40: *-*-* Version 1.8.0 (Byatis)
17:11:40: OGRE EXCEPTION(6:FileNotFoundException): 'resources.cfg' file not found! in ConfigFile::load at /build/src/ogre_src_v1-8-0/OgreMain/src/OgreConfigFile.cpp (line 88)
17:11:40: *-*-* OGRE Shutdown
17:11:40: Unregistering ResourceManager for type Compositor
17:11:40: Unregistering ResourceManager for type Font
17:11:40: Unregistering ResourceManager for type Skeleton
17:11:40: Unregistering ResourceManager for type Mesh
17:11:40: Unregistering ResourceManager for type HighLevelGpuProgram
17:11:40: Unregistering ResourceManager for type Material
